<?xml version="1.0" encoding="UTF-8"?>
<testsuite xmlns:xsi="http://www.w3.org/2001/XMLSchema-instance" xsi:noNamespaceSchemaLocation="https://maven.apache.org/surefire/maven-surefire-plugin/xsd/surefire-test-report.xsd" name="TestSuite" time="102.539" tests="2" errors="0" skipped="0" failures="0">
  <properties>
    <property name="sun.desktop" value="windows"/>
    <property name="awt.toolkit" value="sun.awt.windows.WToolkit"/>
    <property name="file.encoding.pkg" value="sun.io"/>
    <property name="java.specification.version" value="1.8"/>
    <property name="sun.cpu.isalist" value="amd64"/>
    <property name="sun.jnu.encoding" value="Cp1252"/>
    <property name="java.class.path" value="D:\RFP_Workspace\POC_AutomationProject\target\test-classes;D:\RFP_Workspace\POC_AutomationProject\target\classes;C:\Users\ranjini_thangaraj\.m2\repository\org\seleniumhq\selenium\selenium-java\3.141.59\selenium-java-3.141.59.jar;C:\Users\ranjini_thangaraj\.m2\repository\org\seleniumhq\selenium\selenium-chrome-driver\3.141.59\selenium-chrome-driver-3.141.59.jar;C:\Users\ranjini_thangaraj\.m2\repository\org\seleniumhq\selenium\selenium-edge-driver\3.141.59\selenium-edge-driver-3.141.59.jar;C:\Users\ranjini_thangaraj\.m2\repository\org\seleniumhq\selenium\selenium-firefox-driver\3.141.59\selenium-firefox-driver-3.141.59.jar;C:\Users\ranjini_thangaraj\.m2\repository\org\seleniumhq\selenium\selenium-ie-driver\3.141.59\selenium-ie-driver-3.141.59.jar;C:\Users\ranjini_thangaraj\.m2\repository\org\seleniumhq\selenium\selenium-opera-driver\3.141.59\selenium-opera-driver-3.141.59.jar;C:\Users\ranjini_thangaraj\.m2\repository\org\seleniumhq\selenium\selenium-remote-driver\3.141.59\selenium-remote-driver-3.141.59.jar;C:\Users\ranjini_thangaraj\.m2\repository\org\seleniumhq\selenium\selenium-safari-driver\3.141.59\selenium-safari-driver-3.141.59.jar;C:\Users\ranjini_thangaraj\.m2\repository\net\bytebuddy\byte-buddy\1.8.15\byte-buddy-1.8.15.jar;C:\Users\ranjini_thangaraj\.m2\repository\org\apache\commons\commons-exec\1.3\commons-exec-1.3.jar;C:\Users\ranjini_thangaraj\.m2\repository\com\google\guava\guava\25.0-jre\guava-25.0-jre.jar;C:\Users\ranjini_thangaraj\.m2\repository\com\google\code\findbugs\jsr305\1.3.9\jsr305-1.3.9.jar;C:\Users\ranjini_thangaraj\.m2\repository\org\checkerframework\checker-compat-qual\2.0.0\checker-compat-qual-2.0.0.jar;C:\Users\ranjini_thangaraj\.m2\repository\com\google\errorprone\error_prone_annotations\2.1.3\error_prone_annotations-2.1.3.jar;C:\Users\ranjini_thangaraj\.m2\repository\com\google\j2objc\j2objc-annotations\1.1\j2objc-annotations-1.1.jar;C:\Users\ranjini_thangaraj\.m2\repository\org\codehaus\mojo\animal-sniffer-annotations\1.14\animal-sniffer-annotations-1.14.jar;C:\Users\ranjini_thangaraj\.m2\repository\com\squareup\okhttp3\okhttp\3.11.0\okhttp-3.11.0.jar;C:\Users\ranjini_thangaraj\.m2\repository\com\squareup\okio\okio\1.14.0\okio-1.14.0.jar;C:\Users\ranjini_thangaraj\.m2\repository\org\seleniumhq\selenium\selenium-server\3.141.59\selenium-server-3.141.59.jar;C:\Users\ranjini_thangaraj\.m2\repository\com\beust\jcommander\1.72\jcommander-1.72.jar;C:\Users\ranjini_thangaraj\.m2\repository\net\jcip\jcip-annotations\1.0\jcip-annotations-1.0.jar;C:\Users\ranjini_thangaraj\.m2\repository\org\seleniumhq\selenium\jetty-repacked\9.4.12.v20180830\jetty-repacked-9.4.12.v20180830.jar;C:\Users\ranjini_thangaraj\.m2\repository\javax\servlet\javax.servlet-api\3.1.0\javax.servlet-api-3.1.0.jar;C:\Users\ranjini_thangaraj\.m2\repository\org\yaml\snakeyaml\1.19\snakeyaml-1.19.jar;C:\Users\ranjini_thangaraj\.m2\repository\org\seleniumhq\selenium\selenium-api\3.141.59\selenium-api-3.141.59.jar;C:\Users\ranjini_thangaraj\.m2\repository\org\seleniumhq\selenium\selenium-support\3.141.59\selenium-support-3.141.59.jar;C:\Users\ranjini_thangaraj\.m2\repository\io\appium\java-client\6.1.0\java-client-6.1.0.jar;C:\Users\ranjini_thangaraj\.m2\repository\com\google\code\gson\gson\2.8.4\gson-2.8.4.jar;C:\Users\ranjini_thangaraj\.m2\repository\cglib\cglib\3.2.6\cglib-3.2.6.jar;C:\Users\ranjini_thangaraj\.m2\repository\org\ow2\asm\asm\6.0\asm-6.0.jar;C:\Users\ranjini_thangaraj\.m2\repository\org\apache\ant\ant\1.9.6\ant-1.9.6.jar;C:\Users\ranjini_thangaraj\.m2\repository\org\apache\ant\ant-launcher\1.9.6\ant-launcher-1.9.6.jar;C:\Users\ranjini_thangaraj\.m2\repository\commons-validator\commons-validator\1.6\commons-validator-1.6.jar;C:\Users\ranjini_thangaraj\.m2\repository\commons-beanutils\commons-beanutils\1.9.2\commons-beanutils-1.9.2.jar;C:\Users\ranjini_thangaraj\.m2\repository\commons-digester\commons-digester\1.8.1\commons-digester-1.8.1.jar;C:\Users\ranjini_thangaraj\.m2\repository\org\apache\commons\commons-lang3\3.7\commons-lang3-3.7.jar;C:\Users\ranjini_thangaraj\.m2\repository\commons-io\commons-io\2.6\commons-io-2.6.jar;C:\Users\ranjini_thangaraj\.m2\repository\org\springframework\spring-context\5.0.5.RELEASE\spring-context-5.0.5.RELEASE.jar;C:\Users\ranjini_thangaraj\.m2\repository\org\springframework\spring-aop\5.0.5.RELEASE\spring-aop-5.0.5.RELEASE.jar;C:\Users\ranjini_thangaraj\.m2\repository\org\springframework\spring-beans\5.0.5.RELEASE\spring-beans-5.0.5.RELEASE.jar;C:\Users\ranjini_thangaraj\.m2\repository\org\springframework\spring-core\5.0.5.RELEASE\spring-core-5.0.5.RELEASE.jar;C:\Users\ranjini_thangaraj\.m2\repository\org\springframework\spring-jcl\5.0.5.RELEASE\spring-jcl-5.0.5.RELEASE.jar;C:\Users\ranjini_thangaraj\.m2\repository\org\springframework\spring-expression\5.0.5.RELEASE\spring-expression-5.0.5.RELEASE.jar;C:\Users\ranjini_thangaraj\.m2\repository\org\aspectj\aspectjweaver\1.9.1\aspectjweaver-1.9.1.jar;C:\Users\ranjini_thangaraj\.m2\repository\org\openpnp\opencv\3.2.0-1\opencv-3.2.0-1.jar;C:\Users\ranjini_thangaraj\.m2\repository\org\testng\testng\6.14.3\testng-6.14.3.jar;C:\Users\ranjini_thangaraj\.m2\repository\org\apache-extras\beanshell\bsh\2.0b6\bsh-2.0b6.jar;C:\Users\ranjini_thangaraj\.m2\repository\com\googlecode\json-simple\json-simple\1.1\json-simple-1.1.jar;C:\Users\ranjini_thangaraj\.m2\repository\com\aventstack\extentreports\4.0.9\extentreports-4.0.9.jar;C:\Users\ranjini_thangaraj\.m2\repository\org\freemarker\freemarker\2.3.23\freemarker-2.3.23.jar;C:\Users\ranjini_thangaraj\.m2\repository\org\mongodb\mongodb-driver\3.3.0\mongodb-driver-3.3.0.jar;C:\Users\ranjini_thangaraj\.m2\repository\org\mongodb\mongodb-driver-core\3.3.0\mongodb-driver-core-3.3.0.jar;C:\Users\ranjini_thangaraj\.m2\repository\org\mongodb\bson\3.3.0\bson-3.3.0.jar;C:\Users\ranjini_thangaraj\.m2\repository\org\apache\httpcomponents\httpmime\4.5.2\httpmime-4.5.2.jar;C:\Users\ranjini_thangaraj\.m2\repository\org\apache\poi\poi\3.12\poi-3.12.jar;C:\Users\ranjini_thangaraj\.m2\repository\commons-codec\commons-codec\1.9\commons-codec-1.9.jar;C:\Users\ranjini_thangaraj\.m2\repository\org\apache\poi\poi-ooxml\3.12\poi-ooxml-3.12.jar;C:\Users\ranjini_thangaraj\.m2\repository\org\apache\poi\poi-ooxml-schemas\3.12\poi-ooxml-schemas-3.12.jar;C:\Users\ranjini_thangaraj\.m2\repository\org\apache\xmlbeans\xmlbeans\2.6.0\xmlbeans-2.6.0.jar;C:\Users\ranjini_thangaraj\.m2\repository\stax\stax-api\1.0.1\stax-api-1.0.1.jar;C:\Users\ranjini_thangaraj\.m2\repository\org\jsoup\jsoup\1.12.1\jsoup-1.12.1.jar;C:\Users\ranjini_thangaraj\.m2\repository\javax\mail\javax.mail-api\1.6.2\javax.mail-api-1.6.2.jar;C:\Users\ranjini_thangaraj\.m2\repository\com\google\apis\google-api-services-gmail\v1-rev103-1.25.0\google-api-services-gmail-v1-rev103-1.25.0.jar;C:\Users\ranjini_thangaraj\.m2\repository\com\google\oauth-client\google-oauth-client-jetty\1.29.0\google-oauth-client-jetty-1.29.0.jar;C:\Users\ranjini_thangaraj\.m2\repository\com\google\oauth-client\google-oauth-client-java6\1.29.0\google-oauth-client-java6-1.29.0.jar;C:\Users\ranjini_thangaraj\.m2\repository\org\mortbay\jetty\jetty\6.1.26\jetty-6.1.26.jar;C:\Users\ranjini_thangaraj\.m2\repository\org\mortbay\jetty\jetty-util\6.1.26\jetty-util-6.1.26.jar;C:\Users\ranjini_thangaraj\.m2\repository\org\mortbay\jetty\servlet-api\2.5-20081211\servlet-api-2.5-20081211.jar;C:\Users\ranjini_thangaraj\.m2\repository\com\google\api-client\google-api-client\1.29.0\google-api-client-1.29.0.jar;C:\Users\ranjini_thangaraj\.m2\repository\com\google\oauth-client\google-oauth-client\1.29.0\google-oauth-client-1.29.0.jar;C:\Users\ranjini_thangaraj\.m2\repository\com\google\http-client\google-http-client\1.29.1\google-http-client-1.29.1.jar;C:\Users\ranjini_thangaraj\.m2\repository\io\opencensus\opencensus-api\0.19.2\opencensus-api-0.19.2.jar;C:\Users\ranjini_thangaraj\.m2\repository\io\grpc\grpc-context\1.18.0\grpc-context-1.18.0.jar;C:\Users\ranjini_thangaraj\.m2\repository\io\opencensus\opencensus-contrib-http-util\0.19.2\opencensus-contrib-http-util-0.19.2.jar;C:\Users\ranjini_thangaraj\.m2\repository\com\google\http-client\google-http-client-jackson2\1.29.1\google-http-client-jackson2-1.29.1.jar;C:\Users\ranjini_thangaraj\.m2\repository\com\sun\mail\javax.mail\1.6.0\javax.mail-1.6.0.jar;C:\Users\ranjini_thangaraj\.m2\repository\javax\activation\activation\1.1\activation-1.1.jar;C:\Users\ranjini_thangaraj\.m2\repository\org\influxdb\influxdb-java\2.15\influxdb-java-2.15.jar;C:\Users\ranjini_thangaraj\.m2\repository\com\squareup\retrofit2\retrofit\2.5.0\retrofit-2.5.0.jar;C:\Users\ranjini_thangaraj\.m2\repository\com\squareup\retrofit2\converter-moshi\2.5.0\converter-moshi-2.5.0.jar;C:\Users\ranjini_thangaraj\.m2\repository\com\squareup\moshi\moshi\1.5.0\moshi-1.5.0.jar;C:\Users\ranjini_thangaraj\.m2\repository\org\msgpack\msgpack-core\0.8.16\msgpack-core-0.8.16.jar;C:\Users\ranjini_thangaraj\.m2\repository\com\squareup\okhttp3\logging-interceptor\3.13.1\logging-interceptor-3.13.1.jar;C:\Users\ranjini_thangaraj\.m2\repository\io\cucumber\cucumber-java\4.5.2\cucumber-java-4.5.2.jar;C:\Users\ranjini_thangaraj\.m2\repository\io\cucumber\cucumber-core\4.5.2\cucumber-core-4.5.2.jar;C:\Users\ranjini_thangaraj\.m2\repository\io\cucumber\gherkin\5.1.0\gherkin-5.1.0.jar;C:\Users\ranjini_thangaraj\.m2\repository\io\cucumber\tag-expressions\1.1.1\tag-expressions-1.1.1.jar;C:\Users\ranjini_thangaraj\.m2\repository\io\cucumber\cucumber-expressions\7.0.2\cucumber-expressions-7.0.2.jar;C:\Users\ranjini_thangaraj\.m2\repository\io\cucumber\datatable\1.1.14\datatable-1.1.14.jar;C:\Users\ranjini_thangaraj\.m2\repository\io\cucumber\datatable-dependencies\1.1.14\datatable-dependencies-1.1.14.jar;C:\Users\ranjini_thangaraj\.m2\repository\org\apiguardian\apiguardian-api\1.1.0\apiguardian-api-1.1.0.jar;C:\Users\ranjini_thangaraj\.m2\repository\io\cucumber\cucumber-testng\4.5.2\cucumber-testng-4.5.2.jar;C:\Users\ranjini_thangaraj\.m2\repository\io\cucumber\cucumber-jvm-deps\1.0.6\cucumber-jvm-deps-1.0.6.jar;C:\Users\ranjini_thangaraj\.m2\repository\net\masterthought\cucumber-reporting\5.3.0\cucumber-reporting-5.3.0.jar;C:\Users\ranjini_thangaraj\.m2\repository\com\fasterxml\jackson\datatype\jackson-datatype-jsr310\2.10.1\jackson-datatype-jsr310-2.10.1.jar;C:\Users\ranjini_thangaraj\.m2\repository\org\apache\velocity\velocity-engine-core\2.1\velocity-engine-core-2.1.jar;C:\Users\ranjini_thangaraj\.m2\repository\org\slf4j\slf4j-api\1.7.26\slf4j-api-1.7.26.jar;C:\Users\ranjini_thangaraj\.m2\repository\commons-collections\commons-collections\3.2.2\commons-collections-3.2.2.jar;C:\Users\ranjini_thangaraj\.m2\repository\joda-time\joda-time\2.10.5\joda-time-2.10.5.jar;C:\Users\ranjini_thangaraj\.m2\repository\org\codehaus\plexus\plexus-utils\3.3.0\plexus-utils-3.3.0.jar;C:\Users\ranjini_thangaraj\.m2\repository\com\googlecode\owasp-java-html-sanitizer\owasp-java-html-sanitizer\20191001.1\owasp-java-html-sanitizer-20191001.1.jar;C:\Users\ranjini_thangaraj\.m2\repository\commons-configuration\commons-configuration\1.10\commons-configuration-1.10.jar;C:\Users\ranjini_thangaraj\.m2\repository\commons-lang\commons-lang\2.6\commons-lang-2.6.jar;C:\Users\ranjini_thangaraj\.m2\repository\io\qameta\allure\allure-cucumber4-jvm\2.13.5\allure-cucumber4-jvm-2.13.5.jar;C:\Users\ranjini_thangaraj\.m2\repository\io\qameta\allure\allure-java-commons\2.13.5\allure-java-commons-2.13.5.jar;C:\Users\ranjini_thangaraj\.m2\repository\io\qameta\allure\allure-model\2.13.5\allure-model-2.13.5.jar;C:\Users\ranjini_thangaraj\.m2\repository\org\apache\tika\tika-core\1.20\tika-core-1.20.jar;C:\Users\ranjini_thangaraj\.m2\repository\org\jooq\joor-java-8\0.9.10\joor-java-8-0.9.10.jar;C:\Users\ranjini_thangaraj\.m2\repository\com\fasterxml\jackson\core\jackson-core\2.11.2\jackson-core-2.11.2.jar;C:\Users\ranjini_thangaraj\.m2\repository\com\fasterxml\jackson\core\jackson-databind\2.11.2\jackson-databind-2.11.2.jar;C:\Users\ranjini_thangaraj\.m2\repository\com\fasterxml\jackson\core\jackson-annotations\2.11.2\jackson-annotations-2.11.2.jar;C:\Users\ranjini_thangaraj\.m2\repository\mysql\mysql-connector-java\8.0.21\mysql-connector-java-8.0.21.jar;C:\Users\ranjini_thangaraj\.m2\repository\com\google\protobuf\protobuf-java\3.11.4\protobuf-java-3.11.4.jar;C:\Users\ranjini_thangaraj\.m2\repository\com\konghq\unirest-java\3.1.02\unirest-java-3.1.02.jar;C:\Users\ranjini_thangaraj\.m2\repository\org\apache\httpcomponents\httpasyncclient\4.1.4\httpasyncclient-4.1.4.jar;C:\Users\ranjini_thangaraj\.m2\repository\org\apache\httpcomponents\httpcore-nio\4.4.10\httpcore-nio-4.4.10.jar;C:\Users\ranjini_thangaraj\.m2\repository\org\apache\httpcomponents\httpclient\4.5.12\httpclient-4.5.12.jar;C:\Users\ranjini_thangaraj\.m2\repository\org\apache\httpcomponents\httpcore\4.4.13\httpcore-4.4.13.jar;C:\Users\ranjini_thangaraj\.m2\repository\commons-logging\commons-logging\1.2\commons-logging-1.2.jar;"/>
    <property name="java.vm.vendor" value="Oracle Corporation"/>
    <property name="buildNumber" value="1"/>
    <property name="sun.arch.data.model" value="64"/>
    <property name="user.variant" value=""/>
    <property name="java.vendor.url" value="http://java.oracle.com/"/>
    <property name="user.timezone" value="Asia/Calcutta"/>
    <property name="java.vm.specification.version" value="1.8"/>
    <property name="os.name" value="Windows 10"/>
    <property name="user.country" value="US"/>
    <property name="sun.java.launcher" value="SUN_STANDARD"/>
    <property name="sun.boot.library.path" value="C:\Program Files\Java\jdk1.8.0_231\jre\bin"/>
    <property name="sun.java.command" value="C:\Users\ranjini_thangaraj\AppData\Local\Temp\surefire1878270574534709476\surefirebooter948061437628596256.jar C:\Users\ranjini_thangaraj\AppData\Local\Temp\surefire1878270574534709476 2021-05-08T23-48-09_719-jvmRun1 surefire1980691547483283035tmp surefire_06666487557453312480tmp"/>
    <property name="surefire.test.class.path" value="D:\RFP_Workspace\POC_AutomationProject\target\test-classes;D:\RFP_Workspace\POC_AutomationProject\target\classes;C:\Users\ranjini_thangaraj\.m2\repository\org\seleniumhq\selenium\selenium-java\3.141.59\selenium-java-3.141.59.jar;C:\Users\ranjini_thangaraj\.m2\repository\org\seleniumhq\selenium\selenium-chrome-driver\3.141.59\selenium-chrome-driver-3.141.59.jar;C:\Users\ranjini_thangaraj\.m2\repository\org\seleniumhq\selenium\selenium-edge-driver\3.141.59\selenium-edge-driver-3.141.59.jar;C:\Users\ranjini_thangaraj\.m2\repository\org\seleniumhq\selenium\selenium-firefox-driver\3.141.59\selenium-firefox-driver-3.141.59.jar;C:\Users\ranjini_thangaraj\.m2\repository\org\seleniumhq\selenium\selenium-ie-driver\3.141.59\selenium-ie-driver-3.141.59.jar;C:\Users\ranjini_thangaraj\.m2\repository\org\seleniumhq\selenium\selenium-opera-driver\3.141.59\selenium-opera-driver-3.141.59.jar;C:\Users\ranjini_thangaraj\.m2\repository\org\seleniumhq\selenium\selenium-remote-driver\3.141.59\selenium-remote-driver-3.141.59.jar;C:\Users\ranjini_thangaraj\.m2\repository\org\seleniumhq\selenium\selenium-safari-driver\3.141.59\selenium-safari-driver-3.141.59.jar;C:\Users\ranjini_thangaraj\.m2\repository\net\bytebuddy\byte-buddy\1.8.15\byte-buddy-1.8.15.jar;C:\Users\ranjini_thangaraj\.m2\repository\org\apache\commons\commons-exec\1.3\commons-exec-1.3.jar;C:\Users\ranjini_thangaraj\.m2\repository\com\google\guava\guava\25.0-jre\guava-25.0-jre.jar;C:\Users\ranjini_thangaraj\.m2\repository\com\google\code\findbugs\jsr305\1.3.9\jsr305-1.3.9.jar;C:\Users\ranjini_thangaraj\.m2\repository\org\checkerframework\checker-compat-qual\2.0.0\checker-compat-qual-2.0.0.jar;C:\Users\ranjini_thangaraj\.m2\repository\com\google\errorprone\error_prone_annotations\2.1.3\error_prone_annotations-2.1.3.jar;C:\Users\ranjini_thangaraj\.m2\repository\com\google\j2objc\j2objc-annotations\1.1\j2objc-annotations-1.1.jar;C:\Users\ranjini_thangaraj\.m2\repository\org\codehaus\mojo\animal-sniffer-annotations\1.14\animal-sniffer-annotations-1.14.jar;C:\Users\ranjini_thangaraj\.m2\repository\com\squareup\okhttp3\okhttp\3.11.0\okhttp-3.11.0.jar;C:\Users\ranjini_thangaraj\.m2\repository\com\squareup\okio\okio\1.14.0\okio-1.14.0.jar;C:\Users\ranjini_thangaraj\.m2\repository\org\seleniumhq\selenium\selenium-server\3.141.59\selenium-server-3.141.59.jar;C:\Users\ranjini_thangaraj\.m2\repository\com\beust\jcommander\1.72\jcommander-1.72.jar;C:\Users\ranjini_thangaraj\.m2\repository\net\jcip\jcip-annotations\1.0\jcip-annotations-1.0.jar;C:\Users\ranjini_thangaraj\.m2\repository\org\seleniumhq\selenium\jetty-repacked\9.4.12.v20180830\jetty-repacked-9.4.12.v20180830.jar;C:\Users\ranjini_thangaraj\.m2\repository\javax\servlet\javax.servlet-api\3.1.0\javax.servlet-api-3.1.0.jar;C:\Users\ranjini_thangaraj\.m2\repository\org\yaml\snakeyaml\1.19\snakeyaml-1.19.jar;C:\Users\ranjini_thangaraj\.m2\repository\org\seleniumhq\selenium\selenium-api\3.141.59\selenium-api-3.141.59.jar;C:\Users\ranjini_thangaraj\.m2\repository\org\seleniumhq\selenium\selenium-support\3.141.59\selenium-support-3.141.59.jar;C:\Users\ranjini_thangaraj\.m2\repository\io\appium\java-client\6.1.0\java-client-6.1.0.jar;C:\Users\ranjini_thangaraj\.m2\repository\com\google\code\gson\gson\2.8.4\gson-2.8.4.jar;C:\Users\ranjini_thangaraj\.m2\repository\cglib\cglib\3.2.6\cglib-3.2.6.jar;C:\Users\ranjini_thangaraj\.m2\repository\org\ow2\asm\asm\6.0\asm-6.0.jar;C:\Users\ranjini_thangaraj\.m2\repository\org\apache\ant\ant\1.9.6\ant-1.9.6.jar;C:\Users\ranjini_thangaraj\.m2\repository\org\apache\ant\ant-launcher\1.9.6\ant-launcher-1.9.6.jar;C:\Users\ranjini_thangaraj\.m2\repository\commons-validator\commons-validator\1.6\commons-validator-1.6.jar;C:\Users\ranjini_thangaraj\.m2\repository\commons-beanutils\commons-beanutils\1.9.2\commons-beanutils-1.9.2.jar;C:\Users\ranjini_thangaraj\.m2\repository\commons-digester\commons-digester\1.8.1\commons-digester-1.8.1.jar;C:\Users\ranjini_thangaraj\.m2\repository\org\apache\commons\commons-lang3\3.7\commons-lang3-3.7.jar;C:\Users\ranjini_thangaraj\.m2\repository\commons-io\commons-io\2.6\commons-io-2.6.jar;C:\Users\ranjini_thangaraj\.m2\repository\org\springframework\spring-context\5.0.5.RELEASE\spring-context-5.0.5.RELEASE.jar;C:\Users\ranjini_thangaraj\.m2\repository\org\springframework\spring-aop\5.0.5.RELEASE\spring-aop-5.0.5.RELEASE.jar;C:\Users\ranjini_thangaraj\.m2\repository\org\springframework\spring-beans\5.0.5.RELEASE\spring-beans-5.0.5.RELEASE.jar;C:\Users\ranjini_thangaraj\.m2\repository\org\springframework\spring-core\5.0.5.RELEASE\spring-core-5.0.5.RELEASE.jar;C:\Users\ranjini_thangaraj\.m2\repository\org\springframework\spring-jcl\5.0.5.RELEASE\spring-jcl-5.0.5.RELEASE.jar;C:\Users\ranjini_thangaraj\.m2\repository\org\springframework\spring-expression\5.0.5.RELEASE\spring-expression-5.0.5.RELEASE.jar;C:\Users\ranjini_thangaraj\.m2\repository\org\aspectj\aspectjweaver\1.9.1\aspectjweaver-1.9.1.jar;C:\Users\ranjini_thangaraj\.m2\repository\org\openpnp\opencv\3.2.0-1\opencv-3.2.0-1.jar;C:\Users\ranjini_thangaraj\.m2\repository\org\testng\testng\6.14.3\testng-6.14.3.jar;C:\Users\ranjini_thangaraj\.m2\repository\org\apache-extras\beanshell\bsh\2.0b6\bsh-2.0b6.jar;C:\Users\ranjini_thangaraj\.m2\repository\com\googlecode\json-simple\json-simple\1.1\json-simple-1.1.jar;C:\Users\ranjini_thangaraj\.m2\repository\com\aventstack\extentreports\4.0.9\extentreports-4.0.9.jar;C:\Users\ranjini_thangaraj\.m2\repository\org\freemarker\freemarker\2.3.23\freemarker-2.3.23.jar;C:\Users\ranjini_thangaraj\.m2\repository\org\mongodb\mongodb-driver\3.3.0\mongodb-driver-3.3.0.jar;C:\Users\ranjini_thangaraj\.m2\repository\org\mongodb\mongodb-driver-core\3.3.0\mongodb-driver-core-3.3.0.jar;C:\Users\ranjini_thangaraj\.m2\repository\org\mongodb\bson\3.3.0\bson-3.3.0.jar;C:\Users\ranjini_thangaraj\.m2\repository\org\apache\httpcomponents\httpmime\4.5.2\httpmime-4.5.2.jar;C:\Users\ranjini_thangaraj\.m2\repository\org\apache\poi\poi\3.12\poi-3.12.jar;C:\Users\ranjini_thangaraj\.m2\repository\commons-codec\commons-codec\1.9\commons-codec-1.9.jar;C:\Users\ranjini_thangaraj\.m2\repository\org\apache\poi\poi-ooxml\3.12\poi-ooxml-3.12.jar;C:\Users\ranjini_thangaraj\.m2\repository\org\apache\poi\poi-ooxml-schemas\3.12\poi-ooxml-schemas-3.12.jar;C:\Users\ranjini_thangaraj\.m2\repository\org\apache\xmlbeans\xmlbeans\2.6.0\xmlbeans-2.6.0.jar;C:\Users\ranjini_thangaraj\.m2\repository\stax\stax-api\1.0.1\stax-api-1.0.1.jar;C:\Users\ranjini_thangaraj\.m2\repository\org\jsoup\jsoup\1.12.1\jsoup-1.12.1.jar;C:\Users\ranjini_thangaraj\.m2\repository\javax\mail\javax.mail-api\1.6.2\javax.mail-api-1.6.2.jar;C:\Users\ranjini_thangaraj\.m2\repository\com\google\apis\google-api-services-gmail\v1-rev103-1.25.0\google-api-services-gmail-v1-rev103-1.25.0.jar;C:\Users\ranjini_thangaraj\.m2\repository\com\google\oauth-client\google-oauth-client-jetty\1.29.0\google-oauth-client-jetty-1.29.0.jar;C:\Users\ranjini_thangaraj\.m2\repository\com\google\oauth-client\google-oauth-client-java6\1.29.0\google-oauth-client-java6-1.29.0.jar;C:\Users\ranjini_thangaraj\.m2\repository\org\mortbay\jetty\jetty\6.1.26\jetty-6.1.26.jar;C:\Users\ranjini_thangaraj\.m2\repository\org\mortbay\jetty\jetty-util\6.1.26\jetty-util-6.1.26.jar;C:\Users\ranjini_thangaraj\.m2\repository\org\mortbay\jetty\servlet-api\2.5-20081211\servlet-api-2.5-20081211.jar;C:\Users\ranjini_thangaraj\.m2\repository\com\google\api-client\google-api-client\1.29.0\google-api-client-1.29.0.jar;C:\Users\ranjini_thangaraj\.m2\repository\com\google\oauth-client\google-oauth-client\1.29.0\google-oauth-client-1.29.0.jar;C:\Users\ranjini_thangaraj\.m2\repository\com\google\http-client\google-http-client\1.29.1\google-http-client-1.29.1.jar;C:\Users\ranjini_thangaraj\.m2\repository\io\opencensus\opencensus-api\0.19.2\opencensus-api-0.19.2.jar;C:\Users\ranjini_thangaraj\.m2\repository\io\grpc\grpc-context\1.18.0\grpc-context-1.18.0.jar;C:\Users\ranjini_thangaraj\.m2\repository\io\opencensus\opencensus-contrib-http-util\0.19.2\opencensus-contrib-http-util-0.19.2.jar;C:\Users\ranjini_thangaraj\.m2\repository\com\google\http-client\google-http-client-jackson2\1.29.1\google-http-client-jackson2-1.29.1.jar;C:\Users\ranjini_thangaraj\.m2\repository\com\sun\mail\javax.mail\1.6.0\javax.mail-1.6.0.jar;C:\Users\ranjini_thangaraj\.m2\repository\javax\activation\activation\1.1\activation-1.1.jar;C:\Users\ranjini_thangaraj\.m2\repository\org\influxdb\influxdb-java\2.15\influxdb-java-2.15.jar;C:\Users\ranjini_thangaraj\.m2\repository\com\squareup\retrofit2\retrofit\2.5.0\retrofit-2.5.0.jar;C:\Users\ranjini_thangaraj\.m2\repository\com\squareup\retrofit2\converter-moshi\2.5.0\converter-moshi-2.5.0.jar;C:\Users\ranjini_thangaraj\.m2\repository\com\squareup\moshi\moshi\1.5.0\moshi-1.5.0.jar;C:\Users\ranjini_thangaraj\.m2\repository\org\msgpack\msgpack-core\0.8.16\msgpack-core-0.8.16.jar;C:\Users\ranjini_thangaraj\.m2\repository\com\squareup\okhttp3\logging-interceptor\3.13.1\logging-interceptor-3.13.1.jar;C:\Users\ranjini_thangaraj\.m2\repository\io\cucumber\cucumber-java\4.5.2\cucumber-java-4.5.2.jar;C:\Users\ranjini_thangaraj\.m2\repository\io\cucumber\cucumber-core\4.5.2\cucumber-core-4.5.2.jar;C:\Users\ranjini_thangaraj\.m2\repository\io\cucumber\gherkin\5.1.0\gherkin-5.1.0.jar;C:\Users\ranjini_thangaraj\.m2\repository\io\cucumber\tag-expressions\1.1.1\tag-expressions-1.1.1.jar;C:\Users\ranjini_thangaraj\.m2\repository\io\cucumber\cucumber-expressions\7.0.2\cucumber-expressions-7.0.2.jar;C:\Users\ranjini_thangaraj\.m2\repository\io\cucumber\datatable\1.1.14\datatable-1.1.14.jar;C:\Users\ranjini_thangaraj\.m2\repository\io\cucumber\datatable-dependencies\1.1.14\datatable-dependencies-1.1.14.jar;C:\Users\ranjini_thangaraj\.m2\repository\org\apiguardian\apiguardian-api\1.1.0\apiguardian-api-1.1.0.jar;C:\Users\ranjini_thangaraj\.m2\repository\io\cucumber\cucumber-testng\4.5.2\cucumber-testng-4.5.2.jar;C:\Users\ranjini_thangaraj\.m2\repository\io\cucumber\cucumber-jvm-deps\1.0.6\cucumber-jvm-deps-1.0.6.jar;C:\Users\ranjini_thangaraj\.m2\repository\net\masterthought\cucumber-reporting\5.3.0\cucumber-reporting-5.3.0.jar;C:\Users\ranjini_thangaraj\.m2\repository\com\fasterxml\jackson\datatype\jackson-datatype-jsr310\2.10.1\jackson-datatype-jsr310-2.10.1.jar;C:\Users\ranjini_thangaraj\.m2\repository\org\apache\velocity\velocity-engine-core\2.1\velocity-engine-core-2.1.jar;C:\Users\ranjini_thangaraj\.m2\repository\org\slf4j\slf4j-api\1.7.26\slf4j-api-1.7.26.jar;C:\Users\ranjini_thangaraj\.m2\repository\commons-collections\commons-collections\3.2.2\commons-collections-3.2.2.jar;C:\Users\ranjini_thangaraj\.m2\repository\joda-time\joda-time\2.10.5\joda-time-2.10.5.jar;C:\Users\ranjini_thangaraj\.m2\repository\org\codehaus\plexus\plexus-utils\3.3.0\plexus-utils-3.3.0.jar;C:\Users\ranjini_thangaraj\.m2\repository\com\googlecode\owasp-java-html-sanitizer\owasp-java-html-sanitizer\20191001.1\owasp-java-html-sanitizer-20191001.1.jar;C:\Users\ranjini_thangaraj\.m2\repository\commons-configuration\commons-configuration\1.10\commons-configuration-1.10.jar;C:\Users\ranjini_thangaraj\.m2\repository\commons-lang\commons-lang\2.6\commons-lang-2.6.jar;C:\Users\ranjini_thangaraj\.m2\repository\io\qameta\allure\allure-cucumber4-jvm\2.13.5\allure-cucumber4-jvm-2.13.5.jar;C:\Users\ranjini_thangaraj\.m2\repository\io\qameta\allure\allure-java-commons\2.13.5\allure-java-commons-2.13.5.jar;C:\Users\ranjini_thangaraj\.m2\repository\io\qameta\allure\allure-model\2.13.5\allure-model-2.13.5.jar;C:\Users\ranjini_thangaraj\.m2\repository\org\apache\tika\tika-core\1.20\tika-core-1.20.jar;C:\Users\ranjini_thangaraj\.m2\repository\org\jooq\joor-java-8\0.9.10\joor-java-8-0.9.10.jar;C:\Users\ranjini_thangaraj\.m2\repository\com\fasterxml\jackson\core\jackson-core\2.11.2\jackson-core-2.11.2.jar;C:\Users\ranjini_thangaraj\.m2\repository\com\fasterxml\jackson\core\jackson-databind\2.11.2\jackson-databind-2.11.2.jar;C:\Users\ranjini_thangaraj\.m2\repository\com\fasterxml\jackson\core\jackson-annotations\2.11.2\jackson-annotations-2.11.2.jar;C:\Users\ranjini_thangaraj\.m2\repository\mysql\mysql-connector-java\8.0.21\mysql-connector-java-8.0.21.jar;C:\Users\ranjini_thangaraj\.m2\repository\com\google\protobuf\protobuf-java\3.11.4\protobuf-java-3.11.4.jar;C:\Users\ranjini_thangaraj\.m2\repository\com\konghq\unirest-java\3.1.02\unirest-java-3.1.02.jar;C:\Users\ranjini_thangaraj\.m2\repository\org\apache\httpcomponents\httpasyncclient\4.1.4\httpasyncclient-4.1.4.jar;C:\Users\ranjini_thangaraj\.m2\repository\org\apache\httpcomponents\httpcore-nio\4.4.10\httpcore-nio-4.4.10.jar;C:\Users\ranjini_thangaraj\.m2\repository\org\apache\httpcomponents\httpclient\4.5.12\httpclient-4.5.12.jar;C:\Users\ranjini_thangaraj\.m2\repository\org\apache\httpcomponents\httpcore\4.4.13\httpcore-4.4.13.jar;C:\Users\ranjini_thangaraj\.m2\repository\commons-logging\commons-logging\1.2\commons-logging-1.2.jar;"/>
    <property name="sun.cpu.endian" value="little"/>
    <property name="user.home" value="C:\Users\ranjini_thangaraj"/>
    <property name="user.language" value="en"/>
    <property name="java.specification.vendor" value="Oracle Corporation"/>
    <property name="java.home" value="C:\Program Files\Java\jdk1.8.0_231\jre"/>
    <property name="runWithGroups" value="no"/>
    <property name="basedir" value="D:\RFP_Workspace\POC_AutomationProject"/>
    <property name="file.separator" value="\"/>
    <property name="line.separator" value="&#10;"/>
    <property name="java.vm.specification.vendor" value="Oracle Corporation"/>
    <property name="java.specification.name" value="Java Platform API Specification"/>
    <property name="java.awt.graphicsenv" value="sun.awt.Win32GraphicsEnvironment"/>
    <property name="surefire.real.class.path" value="C:\Users\ranjini_thangaraj\AppData\Local\Temp\surefire1878270574534709476\surefirebooter948061437628596256.jar;C:\Users\ranjini_thangaraj\.m2\repository/org/aspectj/aspectjweaver/1.9.6/aspectjweaver-1.9.6.jar"/>
    <property name="sun.boot.class.path" value="C:\Program Files\Java\jdk1.8.0_231\jre\lib\resources.jar;C:\Program Files\Java\jdk1.8.0_231\jre\lib\rt.jar;C:\Program Files\Java\jdk1.8.0_231\jre\lib\sunrsasign.jar;C:\Program Files\Java\jdk1.8.0_231\jre\lib\jsse.jar;C:\Program Files\Java\jdk1.8.0_231\jre\lib\jce.jar;C:\Program Files\Java\jdk1.8.0_231\jre\lib\charsets.jar;C:\Program Files\Java\jdk1.8.0_231\jre\lib\jfr.jar;C:\Program Files\Java\jdk1.8.0_231\jre\classes"/>
    <property name="user.script" value=""/>
    <property name="sun.management.compiler" value="HotSpot 64-Bit Tiered Compilers"/>
    <property name="java.runtime.version" value="1.8.0_231-b11"/>
    <property name="user.name" value="Ranjini_Thangaraj"/>
    <property name="path.separator" value=";"/>
    <property name="os.version" value="10.0"/>
    <property name="java.endorsed.dirs" value="C:\Program Files\Java\jdk1.8.0_231\jre\lib\endorsed"/>
    <property name="java.runtime.name" value="Java(TM) SE Runtime Environment"/>
    <property name="file.encoding" value="Cp1252"/>
    <property name="java.vm.name" value="Java HotSpot(TM) 64-Bit Server VM"/>
    <property name="localRepository" value="C:\Users\ranjini_thangaraj\.m2\repository"/>
    <property name="java.vendor.url.bug" value="http://bugreport.sun.com/bugreport/"/>
    <property name="java.io.tmpdir" value="C:\Users\ranjini_thangaraj\AppData\Local\Temp\"/>
    <property name="java.version" value="1.8.0_231"/>
    <property name="user.dir" value="D:\RFP_Workspace\POC_AutomationProject"/>
    <property name="os.arch" value="amd64"/>
    <property name="groups" value="no"/>
    <property name="java.vm.specification.name" value="Java Virtual Machine Specification"/>
    <property name="java.awt.printerjob" value="sun.awt.windows.WPrinterJob"/>
    <property name="sun.os.patch.level" value=""/>
    <property name="java.library.path" value="C:\Program Files\Java\jdk1.8.0_231\jre\bin;C:\WINDOWS\Sun\Java\bin;C:\WINDOWS\system32;C:\WINDOWS;C:\ProgramData\Oracle\Java\javapath;C:\WINDOWS\system32;C:\WINDOWS;C:\WINDOWS\System32\Wbem;C:\WINDOWS\System32\WindowsPowerShell\v1.0\;D:\Softwares\Git\cmd;%JAVA_HOME%\bin;%MAVEN_HOME%\bin;C:\Program Files\nodejs\;C:\WINDOWS\System32\OpenSSH\;C:\Program Files\TortoiseGit\bin;%SOAPUI_HOME%\bin;%ANDROID_HOME%\platform-tools;%ANDROID_HOME%\tools;C:\Program Files (x86)\Common Files\Oracle\Java\javapath;C:\ProgramData\Oracle\Java\javapath;C:\WINDOWS\system32;C:\WINDOWS;C:\WINDOWS\System32\Wbem;C:\WINDOWS\System32\WindowsPowerShell\v1.0\;C:\Program Files\Java\jdk1.8.0_231\bin;D:\Softwares\flex_3.6.0_air_27.0\bin;D:\Softwares\Git\cmd;D:\Softwares\apache-maven-3.6.3\bin;C:\Users\ranjini_thangaraj\AppData\Roaming\npm;C:\Users\ranjini_thangaraj\AppData\Local\Microsoft\WindowsApps;C:\Users\ranjini_thangaraj\AppData\Local\Programs\Microsoft VS Code\bin;D:\Softwares\SoapUI-5.4.0\bin;C:\Users\ranjini_thangaraj\AppData\Local\Android\Sdk\platform-tools;C:\Users\ranjini_thangaraj\AppData\Local\Android\Sdk\tools;;."/>
    <property name="java.vm.info" value="mixed mode"/>
    <property name="java.vendor" value="Oracle Corporation"/>
    <property name="java.vm.version" value="25.231-b11"/>
    <property name="java.ext.dirs" value="C:\Program Files\Java\jdk1.8.0_231\jre\lib\ext;C:\WINDOWS\Sun\Java\lib\ext"/>
    <property name="sun.io.unicode.encoding" value="UnicodeLittle"/>
    <property name="java.class.version" value="52.0"/>
    <property name="config" value="Config.Properties"/>
    <property name="ResFolder" value="POC_MobileWeb"/>
  </properties>
  <testcase name="Demo" classname="e2e.tests.BddTests" time="47.841"/>
  <testcase name="Demo" classname="e2e.tests.BddTests" time="47.345"/>
</testsuite>